app/build/intermediates/manifest_merge_blame_file/debug/manifest-merger-blame-debug-report.txt
1<?xml version="1.0" encoding="utf-8"?>
2<manifest xmlns:android="http://schemas.android.com/apk/res/android"
3    xmlns:dist="http://schemas.android.com/apk/distribution"
4    package="com.example.mdp_android_grp15"
5    android:versionCode="1"
6    android:versionName="1.0" >
7
8    <uses-sdk
9        android:minSdkVersion="15"
9-->src\main\AndroidManifest.xml
10        android:targetSdkVersion="29" />
10-->src\main\AndroidManifest.xml
11
12    <dist:module dist:instant="true" />
12-->src\main\AndroidManifest.xml:6:5-40
12-->src\main\AndroidManifest.xml:6:18-37
13
14    <!-- Added permission for bluetooth connection -->
15    <uses-feature android:name="android.hardware.bluetooth" />
15-->src\main\AndroidManifest.xml:9:5-63
15-->src\main\AndroidManifest.xml:9:19-60
16
17    <uses-permission android:name="android.permission.BLUETOOTH" />
17-->src\main\AndroidManifest.xml:11:5-68
17-->src\main\AndroidManifest.xml:11:22-65
18    <uses-permission android:name="android.permission.BLUETOOTH_ADMIN" />
18-->src\main\AndroidManifest.xml:12:5-74
18-->src\main\AndroidManifest.xml:12:22-71
19    <uses-permission android:name="android.permission.READ_PHONE_STATE" />
19-->src\main\AndroidManifest.xml:13:5-75
19-->src\main\AndroidManifest.xml:13:22-72
20    <uses-permission android:name="android.permission.ACCESS_COARSE_LOCATION" />
20-->src\main\AndroidManifest.xml:15:5-80
20-->src\main\AndroidManifest.xml:15:22-78
21    <uses-permission android:name="android.permission.ACCESS_FINE_LOCATION" />
21-->src\main\AndroidManifest.xml:16:5-78
21-->src\main\AndroidManifest.xml:16:22-76
22    <uses-permission android:name="android.permission.BLUETOOTH_PRIVILEGED" />
22-->src\main\AndroidManifest.xml:18:5-79
22-->src\main\AndroidManifest.xml:18:22-76
23
24    <!-- Include required permissions for Google Maps API to run. -->
25    <uses-permission android:name="android.permission.ACCESS_NETWORK_STATE" />
25-->[com.google.android.gms:play-services-maps:17.0.0] AndroidManifest.xml:23:5-79
25-->[com.google.android.gms:play-services-maps:17.0.0] AndroidManifest.xml:23:22-76
26    <uses-permission android:name="android.permission.INTERNET" />
26-->[com.google.android.gms:play-services-maps:17.0.0] AndroidManifest.xml:24:5-67
26-->[com.google.android.gms:play-services-maps:17.0.0] AndroidManifest.xml:24:22-64
27
28    <uses-feature
28-->[com.google.android.gms:play-services-maps:17.0.0] AndroidManifest.xml:26:5-28:35
29        android:glEsVersion="0x00020000"
29-->[com.google.android.gms:play-services-maps:17.0.0] AndroidManifest.xml:27:9-41
30        android:required="true" />
30-->[com.google.android.gms:play-services-maps:17.0.0] AndroidManifest.xml:28:9-32
31
32    <application
32-->src\main\AndroidManifest.xml:20:5-40:19
33        android:allowBackup="true"
33-->src\main\AndroidManifest.xml:21:9-35
34        android:appComponentFactory="androidx.core.app.CoreComponentFactory"
34-->[androidx.core:core:1.1.0] AndroidManifest.xml:24:18-86
35        android:debuggable="true"
36        android:icon="@mipmap/ic_launcher"
36-->src\main\AndroidManifest.xml:22:9-43
37        android:label="@string/app_name"
37-->src\main\AndroidManifest.xml:23:9-41
38        android:roundIcon="@mipmap/ic_launcher_round"
38-->src\main\AndroidManifest.xml:24:9-54
39        android:supportsRtl="true"
39-->src\main\AndroidManifest.xml:25:9-35
40        android:theme="@style/AppTheme" >
40-->src\main\AndroidManifest.xml:26:9-40
41        <activity
41-->src\main\AndroidManifest.xml:27:9-37:20
42            android:name="com.example.mdp_android_grp_31.MainActivity"
42-->src\main\AndroidManifest.xml:28:13-71
43            android:label="@string/app_name"
43-->src\main\AndroidManifest.xml:29:13-45
44            android:theme="@style/AppTheme.NoActionBar"
44-->src\main\AndroidManifest.xml:30:13-56
45            android:windowSoftInputMode="adjustPan" >
45-->src\main\AndroidManifest.xml:31:13-52
46            <intent-filter>
46-->src\main\AndroidManifest.xml:32:13-36:29
47                <action android:name="android.intent.action.MAIN" />
47-->src\main\AndroidManifest.xml:33:17-69
47-->src\main\AndroidManifest.xml:33:25-66
48
49                <category android:name="android.intent.category.LAUNCHER" />
49-->src\main\AndroidManifest.xml:35:17-77
49-->src\main\AndroidManifest.xml:35:27-74
50            </intent-filter>
51        </activity>
52        <activity android:name="com.example.mdp_android_grp_31.ui.main.BluetoothPopUp" />
52-->src\main\AndroidManifest.xml:38:9-99
52-->src\main\AndroidManifest.xml:38:19-87
53        <activity android:name="com.example.mdp_android_grp_31.ui.main.MapInformation" />
53-->src\main\AndroidManifest.xml:39:9-90
53-->src\main\AndroidManifest.xml:39:19-87
54        <!-- Needs to be explicitly declared on P+ -->
55        <uses-library
55-->[com.google.android.gms:play-services-maps:17.0.0] AndroidManifest.xml:33:9-35:40
56            android:name="org.apache.http.legacy"
56-->[com.google.android.gms:play-services-maps:17.0.0] AndroidManifest.xml:34:13-50
57            android:required="false" />
57-->[com.google.android.gms:play-services-maps:17.0.0] AndroidManifest.xml:35:13-37
58
59        <activity
59-->[com.google.android.gms:play-services-base:17.0.0] AndroidManifest.xml:23:9-26:75
60            android:name="com.google.android.gms.common.api.GoogleApiActivity"
60-->[com.google.android.gms:play-services-base:17.0.0] AndroidManifest.xml:24:13-79
61            android:exported="false"
61-->[com.google.android.gms:play-services-base:17.0.0] AndroidManifest.xml:25:13-37
62            android:theme="@android:style/Theme.Translucent.NoTitleBar" />
62-->[com.google.android.gms:play-services-base:17.0.0] AndroidManifest.xml:26:13-72
63
64        <meta-data
64-->[com.google.android.gms:play-services-basement:17.0.0] AndroidManifest.xml:23:9-25:69
65            android:name="com.google.android.gms.version"
65-->[com.google.android.gms:play-services-basement:17.0.0] AndroidManifest.xml:24:13-58
66            android:value="@integer/google_play_services_version" />
66-->[com.google.android.gms:play-services-basement:17.0.0] AndroidManifest.xml:25:13-66
67
68        <provider
68-->[androidx.lifecycle:lifecycle-process:2.2.0] AndroidManifest.xml:25:9-29:43
69            android:name="androidx.lifecycle.ProcessLifecycleOwnerInitializer"
69-->[androidx.lifecycle:lifecycle-process:2.2.0] AndroidManifest.xml:26:13-79
70            android:authorities="com.example.mdp_android_grp15.lifecycle-process"
70-->[androidx.lifecycle:lifecycle-process:2.2.0] AndroidManifest.xml:27:13-69
71            android:exported="false"
71-->[androidx.lifecycle:lifecycle-process:2.2.0] AndroidManifest.xml:28:13-37
72            android:multiprocess="true" />
72-->[androidx.lifecycle:lifecycle-process:2.2.0] AndroidManifest.xml:29:13-40
73    </application>
74
75</manifest>